{
  "numTotalTests": 5,
  "numPassedTests": 3,
  "numFailedTests": 2,
  "numPendingTests": 0,
  "testResults": [
    {
      "testFilePath": "/Users/test/project/controllers/authController.test.js",
      "perfStats": {
        "start": 1000,
        "end": 3500
      },
      "testResults": [
        {
          "fullName": "authController > should login successfully",
          "status": "passed",
          "duration": 120,
          "failureMessages": []
        },
        {
          "fullName": "authController > should reject bad password",
          "status": "failed",
          "duration": 5200,
          "failureMessages": [
            "Exceeded timeout of 5000ms"
          ]
        },
        {
          "fullName": "categoryController > should create category",
          "status": "passed",
          "duration": 80,
          "failureMessages": []
        },
        {
          "fullName": "categoryController > should return 500 on db error",
          "status": "failed",
          "duration": 200,
          "failureMessages": [
            "Expected: 500, Received: 200"
          ]
        },
        {
          "fullName": "categoryController > should list categories",
          "status": "passed",
          "duration": 65,
          "failureMessages": []
        }
      ]
    }
  ]
}