TN:
SF:client/src/components/Form/SearchInput.js
FN:5,(anonymous_0)
FN:9,(anonymous_1)
FN:30,(anonymous_2)
FNF:3
FNH:3
FNDA:71,(anonymous_0)
FNDA:7,(anonymous_1)
FNDA:2,(anonymous_2)
DA:5,3
DA:6,71
DA:7,71
DA:9,71
DA:10,7
DA:11,7
DA:12,7
DA:15,5
DA:16,5
DA:18,2
DA:21,71
DA:30,2
LF:12
LH:12
BRF:0
BRH:0
end_of_record
TN:
SF:client/src/context/search.js
FN:4,(anonymous_0)
FN:18,(anonymous_1)
FNF:2
FNH:2
FNDA:28,(anonymous_0)
FNDA:28,(anonymous_1)
DA:3,1
DA:4,1
DA:5,28
DA:10,28
DA:18,28
LF:5
LH:5
BRF:0
BRH:0
end_of_record
TN:
SF:client/src/pages/Search.js
FN:4,(anonymous_0)
FN:17,(anonymous_1)
FNF:2
FNH:2
FNDA:14,(anonymous_0)
FNDA:65,(anonymous_1)
DA:4,1
DA:5,14
DA:6,14
DA:18,65
LF:4
LH:4
BRDA:12,0,0,3
BRDA:12,0,1,11
BRDA:12,1,0,14
BRDA:12,1,1,13
BRF:4
BRH:4
end_of_record
TN:
SF:client/src/pages/Auth/Login.js
FN:9,(anonymous_0)
FN:20,(anonymous_1)
FN:62,(anonymous_2)
FN:73,(anonymous_3)
FN:84,(anonymous_4)
FNF:5
FNH:5
FNDA:24,(anonymous_0)
FNDA:6,(anonymous_1)
FNDA:7,(anonymous_2)
FNDA:7,(anonymous_3)
FNDA:1,(anonymous_4)
DA:9,1
DA:10,24
DA:11,24
DA:12,24
DA:15,24
DA:16,24
DA:20,24
DA:21,6
DA:22,6
DA:23,6
DA:27,2
DA:28,1
DA:36,1
DA:41,1
DA:42,1
DA:44,1
DA:47,4
DA:48,4
DA:51,24
DA:62,7
DA:73,7
DA:85,1
LF:22
LH:22
BRDA:27,0,0,1
BRDA:27,0,1,1
BRDA:27,1,0,2
BRDA:27,1,1,2
BRDA:28,2,0,1
BRDA:28,2,1,1
BRDA:42,3,0,1
BRDA:42,3,1,1
BRF:8
BRH:8
end_of_record
TN:
SF:client/src/pages/Auth/Register.js
FN:7,(anonymous_0)
FN:17,(anonymous_1)
FN:61,(anonymous_2)
FN:73,(anonymous_3)
FN:84,(anonymous_4)
FN:95,(anonymous_5)
FN:106,(anonymous_6)
FN:117,(anonymous_7)
FNF:8
FNH:6
FNDA:37,(anonymous_0)
FNDA:0,(anonymous_1)
FNDA:6,(anonymous_2)
FNDA:6,(anonymous_3)
FNDA:6,(anonymous_4)
FNDA:6,(anonymous_5)
FNDA:6,(anonymous_6)
FNDA:0,(anonymous_7)
DA:7,1
DA:8,37
DA:9,36
DA:10,36
DA:11,36
DA:12,36
DA:13,36
DA:14,36
DA:17,36
DA:18,0
DA:21,0
DA:22,0
DA:23,0
DA:26,0
DA:27,0
DA:28,0
DA:31,0
DA:32,0
DA:40,0
DA:41,0
DA:42,0
DA:44,0
DA:47,0
DA:48,0
DA:52,36
DA:61,6
DA:73,6
DA:84,6
DA:95,6
DA:106,6
DA:117,0
LF:31
LH:15
BRDA:21,0,0,0
BRDA:21,0,1,0
BRDA:26,1,0,0
BRDA:26,1,1,0
BRDA:40,2,0,0
BRDA:40,2,1,0
BRDA:40,3,0,0
BRDA:40,3,1,0
BRF:8
BRH:0
end_of_record
